<?xml version="1.0" encoding="UTF-8"?>
<testsuite name="com.example.springawswebservice.repository.PostsRepositoryTest" tests="1" skipped="0" failures="0" errors="0" timestamp="2022-10-07T07:23:49" hostname="DESKTOP-ES6G4SU" time="0.284">
  <properties/>
  <testcase name="findAll()" classname="com.example.springawswebservice.repository.PostsRepositoryTest" time="0.284"/>
  <system-out><![CDATA[16:23:45.035 [Test worker] DEBUG org.springframework.test.context.BootstrapUtils - Instantiating CacheAwareContextLoaderDelegate from class [org.springframework.test.context.cache.DefaultCacheAwareContextLoaderDelegate]
16:23:45.046 [Test worker] DEBUG org.springframework.test.context.BootstrapUtils - Instantiating BootstrapContext using constructor [public org.springframework.test.context.support.DefaultBootstrapContext(java.lang.Class,org.springframework.test.context.CacheAwareContextLoaderDelegate)]
16:23:45.076 [Test worker] DEBUG org.springframework.test.context.BootstrapUtils - Instantiating TestContextBootstrapper for test class [com.example.springawswebservice.repository.PostsRepositoryTest] from class [org.springframework.boot.test.context.SpringBootTestContextBootstrapper]
16:23:45.088 [Test worker] INFO org.springframework.boot.test.context.SpringBootTestContextBootstrapper - Neither @ContextConfiguration nor @ContextHierarchy found for test class [com.example.springawswebservice.repository.PostsRepositoryTest], using SpringBootContextLoader
16:23:45.093 [Test worker] DEBUG org.springframework.test.context.support.AbstractContextLoader - Did not detect default resource location for test class [com.example.springawswebservice.repository.PostsRepositoryTest]: class path resource [com/example/springawswebservice/repository/PostsRepositoryTest-context.xml] does not exist
16:23:45.094 [Test worker] DEBUG org.springframework.test.context.support.AbstractContextLoader - Did not detect default resource location for test class [com.example.springawswebservice.repository.PostsRepositoryTest]: class path resource [com/example/springawswebservice/repository/PostsRepositoryTestContext.groovy] does not exist
16:23:45.094 [Test worker] INFO org.springframework.test.context.support.AbstractContextLoader - Could not detect default resource locations for test class [com.example.springawswebservice.repository.PostsRepositoryTest]: no resource found for suffixes {-context.xml, Context.groovy}.
16:23:45.094 [Test worker] INFO org.springframework.test.context.support.AnnotationConfigContextLoaderUtils - Could not detect default configuration classes for test class [com.example.springawswebservice.repository.PostsRepositoryTest]: PostsRepositoryTest does not declare any static, non-private, non-final, nested classes annotated with @Configuration.
16:23:45.137 [Test worker] DEBUG org.springframework.test.context.support.ActiveProfilesUtils - Could not find an 'annotation declaring class' for annotation type [org.springframework.test.context.ActiveProfiles] and class [com.example.springawswebservice.repository.PostsRepositoryTest]
16:23:45.195 [Test worker] DEBUG org.springframework.context.annotation.ClassPathScanningCandidateComponentProvider - Identified candidate component class: file [C:\인프런 강의 프로젝트\spring-aws-webservice\build\classes\java\main\com\example\springawswebservice\Application.class]
16:23:45.197 [Test worker] INFO org.springframework.boot.test.context.SpringBootTestContextBootstrapper - Found @SpringBootConfiguration com.example.springawswebservice.Application for test class com.example.springawswebservice.repository.PostsRepositoryTest
16:23:45.297 [Test worker] DEBUG org.springframework.boot.test.context.SpringBootTestContextBootstrapper - @TestExecutionListeners is not present for class [com.example.springawswebservice.repository.PostsRepositoryTest]: using defaults.
16:23:45.298 [Test worker] INFO org.springframework.boot.test.context.SpringBootTestContextBootstrapper - Loaded default TestExecutionListener class names from location [META-INF/spring.factories]: [org.springframework.boot.test.autoconfigure.restdocs.RestDocsTestExecutionListener, org.springframework.boot.test.autoconfigure.web.client.MockRestServiceServerResetTestExecutionListener, org.springframework.boot.test.autoconfigure.web.servlet.MockMvcPrintOnlyOnFailureTestExecutionListener, org.springframework.boot.test.autoconfigure.web.servlet.WebDriverTestExecutionListener, org.springframework.boot.test.autoconfigure.webservices.client.MockWebServiceServerTestExecutionListener, org.springframework.boot.test.mock.mockito.MockitoTestExecutionListener, org.springframework.boot.test.mock.mockito.ResetMocksTestExecutionListener, org.springframework.test.context.web.ServletTestExecutionListener, org.springframework.test.context.support.DirtiesContextBeforeModesTestExecutionListener, org.springframework.test.context.event.ApplicationEventsTestExecutionListener, org.springframework.test.context.support.DependencyInjectionTestExecutionListener, org.springframework.test.context.support.DirtiesContextTestExecutionListener, org.springframework.test.context.transaction.TransactionalTestExecutionListener, org.springframework.test.context.jdbc.SqlScriptsTestExecutionListener, org.springframework.test.context.event.EventPublishingTestExecutionListener]
16:23:45.316 [Test worker] INFO org.springframework.boot.test.context.SpringBootTestContextBootstrapper - Using TestExecutionListeners: [org.springframework.test.context.web.ServletTestExecutionListener@5f2f577, org.springframework.test.context.support.DirtiesContextBeforeModesTestExecutionListener@6273c5a4, org.springframework.test.context.event.ApplicationEventsTestExecutionListener@5d465e4b, org.springframework.boot.test.mock.mockito.MockitoTestExecutionListener@53e211ee, org.springframework.boot.test.autoconfigure.SpringBootDependencyInjectionTestExecutionListener@41a90fa8, org.springframework.test.context.support.DirtiesContextTestExecutionListener@3d8bbcdc, org.springframework.test.context.transaction.TransactionalTestExecutionListener@52500920, org.springframework.test.context.jdbc.SqlScriptsTestExecutionListener@117e0fe5, org.springframework.test.context.event.EventPublishingTestExecutionListener@18a3962d, org.springframework.boot.test.autoconfigure.restdocs.RestDocsTestExecutionListener@78aea4b9, org.springframework.boot.test.autoconfigure.web.client.MockRestServiceServerResetTestExecutionListener@2a65bb85, org.springframework.boot.test.autoconfigure.web.servlet.MockMvcPrintOnlyOnFailureTestExecutionListener@4b85880b, org.springframework.boot.test.autoconfigure.web.servlet.WebDriverTestExecutionListener@4f936da8, org.springframework.boot.test.autoconfigure.webservices.client.MockWebServiceServerTestExecutionListener@4215838f, org.springframework.boot.test.mock.mockito.ResetMocksTestExecutionListener@452ba1db]
16:23:45.320 [Test worker] DEBUG org.springframework.test.context.support.AbstractDirtiesContextTestExecutionListener - Before test class: context [DefaultTestContext@51df223b testClass = PostsRepositoryTest, testInstance = [null], testMethod = [null], testException = [null], mergedContextConfiguration = [WebMergedContextConfiguration@fd46303 testClass = PostsRepositoryTest, locations = '{}', classes = '{class com.example.springawswebservice.Application}', contextInitializerClasses = '[]', activeProfiles = '{}', propertySourceLocations = '{}', propertySourceProperties = '{org.springframework.boot.test.context.SpringBootTestContextBootstrapper=true}', contextCustomizers = set[org.springframework.boot.test.autoconfigure.actuate.metrics.MetricsExportContextCustomizerFactory$DisableMetricExportContextCustomizer@1b835480, org.springframework.boot.test.autoconfigure.properties.PropertyMappingContextCustomizer@0, org.springframework.boot.test.autoconfigure.web.servlet.WebDriverContextCustomizerFactory$Customizer@149dd36b, org.springframework.boot.test.context.filter.ExcludeFilterContextCustomizer@691939c9, org.springframework.boot.test.json.DuplicateJsonObjectContextCustomizerFactory$DuplicateJsonObjectContextCustomizer@61a88b8c, org.springframework.boot.test.mock.mockito.MockitoContextCustomizer@0, org.springframework.boot.test.web.client.TestRestTemplateContextCustomizer@22bac7bc, org.springframework.boot.test.context.SpringBootTestArgs@1, org.springframework.boot.test.context.SpringBootTestWebEnvironment@6bedbc4d], resourceBasePath = 'src/main/webapp', contextLoader = 'org.springframework.boot.test.context.SpringBootContextLoader', parent = [null]], attributes = map['org.springframework.test.context.web.ServletTestExecutionListener.activateListener' -> true]], class annotated with @DirtiesContext [false] with mode [null].

  .   ____          _            __ _ _
 /\\ / ___'_ __ _ _(_)_ __  __ _ \ \ \ \
( ( )\___ | '_ | '_| | '_ \/ _` | \ \ \ \
 \\/  ___)| |_)| | | | | || (_| |  ) ) ) )
  '  |____| .__|_| |_|_| |_\__, | / / / /
 =========|_|==============|___/=/_/_/_/
 :: Spring Boot ::                (v2.7.1)

2022-10-07 16:23:45.680  INFO 916 --- [    Test worker] c.e.s.repository.PostsRepositoryTest     : Starting PostsRepositoryTest using Java 17.0.1 on DESKTOP-ES6G4SU with PID 916 (started by kaas1 in C:\인프런 강의 프로젝트\spring-aws-webservice)
2022-10-07 16:23:45.682  INFO 916 --- [    Test worker] c.e.s.repository.PostsRepositoryTest     : No active profile set, falling back to 1 default profile: "default"
2022-10-07 16:23:46.361  INFO 916 --- [    Test worker] .s.d.r.c.RepositoryConfigurationDelegate : Bootstrapping Spring Data JPA repositories in DEFAULT mode.
2022-10-07 16:23:46.425  INFO 916 --- [    Test worker] .s.d.r.c.RepositoryConfigurationDelegate : Finished Spring Data repository scanning in 56 ms. Found 1 JPA repository interfaces.
2022-10-07 16:23:46.985  INFO 916 --- [    Test worker] o.hibernate.jpa.internal.util.LogHelper  : HHH000204: Processing PersistenceUnitInfo [name: default]
2022-10-07 16:23:47.054  INFO 916 --- [    Test worker] org.hibernate.Version                    : HHH000412: Hibernate ORM core version 5.6.9.Final
2022-10-07 16:23:47.245  INFO 916 --- [    Test worker] o.hibernate.annotations.common.Version   : HCANN000001: Hibernate Commons Annotations {5.1.2.Final}
2022-10-07 16:23:47.293 DEBUG 916 --- [    Test worker] org.hibernate.type.BasicTypeRegistry     : Adding type registration boolean -> org.hibernate.type.BooleanType@325162e9
2022-10-07 16:23:47.293 DEBUG 916 --- [    Test worker] org.hibernate.type.BasicTypeRegistry     : Adding type registration boolean -> org.hibernate.type.BooleanType@325162e9
2022-10-07 16:23:47.293 DEBUG 916 --- [    Test worker] org.hibernate.type.BasicTypeRegistry     : Adding type registration java.lang.Boolean -> org.hibernate.type.BooleanType@325162e9
2022-10-07 16:23:47.294 DEBUG 916 --- [    Test worker] org.hibernate.type.BasicTypeRegistry     : Adding type registration numeric_boolean -> org.hibernate.type.NumericBooleanType@49c1e294
2022-10-07 16:23:47.295 DEBUG 916 --- [    Test worker] org.hibernate.type.BasicTypeRegistry     : Adding type registration true_false -> org.hibernate.type.TrueFalseType@124eb83d
2022-10-07 16:23:47.295 DEBUG 916 --- [    Test worker] org.hibernate.type.BasicTypeRegistry     : Adding type registration yes_no -> org.hibernate.type.YesNoType@4a22e4d7
2022-10-07 16:23:47.296 DEBUG 916 --- [    Test worker] org.hibernate.type.BasicTypeRegistry     : Adding type registration byte -> org.hibernate.type.ByteType@3a40bb52
2022-10-07 16:23:47.297 DEBUG 916 --- [    Test worker] org.hibernate.type.BasicTypeRegistry     : Adding type registration byte -> org.hibernate.type.ByteType@3a40bb52
2022-10-07 16:23:47.297 DEBUG 916 --- [    Test worker] org.hibernate.type.BasicTypeRegistry     : Adding type registration java.lang.Byte -> org.hibernate.type.ByteType@3a40bb52
2022-10-07 16:23:47.298 DEBUG 916 --- [    Test worker] org.hibernate.type.BasicTypeRegistry     : Adding type registration character -> org.hibernate.type.CharacterType@1c6a0103
2022-10-07 16:23:47.298 DEBUG 916 --- [    Test worker] org.hibernate.type.BasicTypeRegistry     : Adding type registration char -> org.hibernate.type.CharacterType@1c6a0103
2022-10-07 16:23:47.298 DEBUG 916 --- [    Test worker] org.hibernate.type.BasicTypeRegistry     : Adding type registration java.lang.Character -> org.hibernate.type.CharacterType@1c6a0103
2022-10-07 16:23:47.299 DEBUG 916 --- [    Test worker] org.hibernate.type.BasicTypeRegistry     : Adding type registration short -> org.hibernate.type.ShortType@203e705e
2022-10-07 16:23:47.299 DEBUG 916 --- [    Test worker] org.hibernate.type.BasicTypeRegistry     : Adding type registration short -> org.hibernate.type.ShortType@203e705e
2022-10-07 16:23:47.299 DEBUG 916 --- [    Test worker] org.hibernate.type.BasicTypeRegistry     : Adding type registration java.lang.Short -> org.hibernate.type.ShortType@203e705e
2022-10-07 16:23:47.301 DEBUG 916 --- [    Test worker] org.hibernate.type.BasicTypeRegistry     : Adding type registration integer -> org.hibernate.type.IntegerType@1c84d80a
2022-10-07 16:23:47.301 DEBUG 916 --- [    Test worker] org.hibernate.type.BasicTypeRegistry     : Adding type registration int -> org.hibernate.type.IntegerType@1c84d80a
2022-10-07 16:23:47.301 DEBUG 916 --- [    Test worker] org.hibernate.type.BasicTypeRegistry     : Adding type registration java.lang.Integer -> org.hibernate.type.IntegerType@1c84d80a
2022-10-07 16:23:47.302 DEBUG 916 --- [    Test worker] org.hibernate.type.BasicTypeRegistry     : Adding type registration long -> org.hibernate.type.LongType@30b3d899
2022-10-07 16:23:47.303 DEBUG 916 --- [    Test worker] org.hibernate.type.BasicTypeRegistry     : Adding type registration long -> org.hibernate.type.LongType@30b3d899
2022-10-07 16:23:47.303 DEBUG 916 --- [    Test worker] org.hibernate.type.BasicTypeRegistry     : Adding type registration java.lang.Long -> org.hibernate.type.LongType@30b3d899
2022-10-07 16:23:47.304 DEBUG 916 --- [    Test worker] org.hibernate.type.BasicTypeRegistry     : Adding type registration float -> org.hibernate.type.FloatType@624b3544
2022-10-07 16:23:47.305 DEBUG 916 --- [    Test worker] org.hibernate.type.BasicTypeRegistry     : Adding type registration float -> org.hibernate.type.FloatType@624b3544
2022-10-07 16:23:47.305 DEBUG 916 --- [    Test worker] org.hibernate.type.BasicTypeRegistry     : Adding type registration java.lang.Float -> org.hibernate.type.FloatType@624b3544
2022-10-07 16:23:47.306 DEBUG 916 --- [    Test worker] org.hibernate.type.BasicTypeRegistry     : Adding type registration double -> org.hibernate.type.DoubleType@7ea42c82
2022-10-07 16:23:47.306 DEBUG 916 --- [    Test worker] org.hibernate.type.BasicTypeRegistry     : Adding type registration double -> org.hibernate.type.DoubleType@7ea42c82
2022-10-07 16:23:47.306 DEBUG 916 --- [    Test worker] org.hibernate.type.BasicTypeRegistry     : Adding type registration java.lang.Double -> org.hibernate.type.DoubleType@7ea42c82
2022-10-07 16:23:47.307 DEBUG 916 --- [    Test worker] org.hibernate.type.BasicTypeRegistry     : Adding type registration big_decimal -> org.hibernate.type.BigDecimalType@61da0413
2022-10-07 16:23:47.307 DEBUG 916 --- [    Test worker] org.hibernate.type.BasicTypeRegistry     : Adding type registration java.math.BigDecimal -> org.hibernate.type.BigDecimalType@61da0413
2022-10-07 16:23:47.308 DEBUG 916 --- [    Test worker] org.hibernate.type.BasicTypeRegistry     : Adding type registration big_integer -> org.hibernate.type.BigIntegerType@4bc9ca97
2022-10-07 16:23:47.308 DEBUG 916 --- [    Test worker] org.hibernate.type.BasicTypeRegistry     : Adding type registration java.math.BigInteger -> org.hibernate.type.BigIntegerType@4bc9ca97
2022-10-07 16:23:47.309 DEBUG 916 --- [    Test worker] org.hibernate.type.BasicTypeRegistry     : Adding type registration string -> org.hibernate.type.StringType@58a7dc4
2022-10-07 16:23:47.309 DEBUG 916 --- [    Test worker] org.hibernate.type.BasicTypeRegistry     : Adding type registration java.lang.String -> org.hibernate.type.StringType@58a7dc4
2022-10-07 16:23:47.310 DEBUG 916 --- [    Test worker] org.hibernate.type.BasicTypeRegistry     : Adding type registration nstring -> org.hibernate.type.StringNVarcharType@6238d5e0
2022-10-07 16:23:47.311 DEBUG 916 --- [    Test worker] org.hibernate.type.BasicTypeRegistry     : Adding type registration ncharacter -> org.hibernate.type.CharacterNCharType@6b063470
2022-10-07 16:23:47.312 DEBUG 916 --- [    Test worker] org.hibernate.type.BasicTypeRegistry     : Adding type registration url -> org.hibernate.type.UrlType@255d9277
2022-10-07 16:23:47.312 DEBUG 916 --- [    Test worker] org.hibernate.type.BasicTypeRegistry     : Adding type registration java.net.URL -> org.hibernate.type.UrlType@255d9277
2022-10-07 16:23:47.313 DEBUG 916 --- [    Test worker] org.hibernate.type.BasicTypeRegistry     : Adding type registration Duration -> org.hibernate.type.DurationType@7d484fcd
2022-10-07 16:23:47.314 DEBUG 916 --- [    Test worker] org.hibernate.type.BasicTypeRegistry     : Adding type registration java.time.Duration -> org.hibernate.type.DurationType@7d484fcd
2022-10-07 16:23:47.315 DEBUG 916 --- [    Test worker] org.hibernate.type.BasicTypeRegistry     : Adding type registration Instant -> org.hibernate.type.InstantType@578c3fd9
2022-10-07 16:23:47.315 DEBUG 916 --- [    Test worker] org.hibernate.type.BasicTypeRegistry     : Adding type registration java.time.Instant -> org.hibernate.type.InstantType@578c3fd9
2022-10-07 16:23:47.317 DEBUG 916 --- [    Test worker] org.hibernate.type.BasicTypeRegistry     : Adding type registration LocalDateTime -> org.hibernate.type.LocalDateTimeType@13192275
2022-10-07 16:23:47.317 DEBUG 916 --- [    Test worker] org.hibernate.type.BasicTypeRegistry     : Adding type registration java.time.LocalDateTime -> org.hibernate.type.LocalDateTimeType@13192275
2022-10-07 16:23:47.318 DEBUG 916 --- [    Test worker] org.hibernate.type.BasicTypeRegistry     : Adding type registration LocalDate -> org.hibernate.type.LocalDateType@4b4969ea
2022-10-07 16:23:47.319 DEBUG 916 --- [    Test worker] org.hibernate.type.BasicTypeRegistry     : Adding type registration java.time.LocalDate -> org.hibernate.type.LocalDateType@4b4969ea
2022-10-07 16:23:47.320 DEBUG 916 --- [    Test worker] org.hibernate.type.BasicTypeRegistry     : Adding type registration LocalTime -> org.hibernate.type.LocalTimeType@1eb85a47
2022-10-07 16:23:47.320 DEBUG 916 --- [    Test worker] org.hibernate.type.BasicTypeRegistry     : Adding type registration java.time.LocalTime -> org.hibernate.type.LocalTimeType@1eb85a47
2022-10-07 16:23:47.323 DEBUG 916 --- [    Test worker] org.hibernate.type.BasicTypeRegistry     : Adding type registration OffsetDateTime -> org.hibernate.type.OffsetDateTimeType@4863c8ac
2022-10-07 16:23:47.323 DEBUG 916 --- [    Test worker] org.hibernate.type.BasicTypeRegistry     : Adding type registration java.time.OffsetDateTime -> org.hibernate.type.OffsetDateTimeType@4863c8ac
2022-10-07 16:23:47.324 DEBUG 916 --- [    Test worker] org.hibernate.type.BasicTypeRegistry     : Adding type registration OffsetTime -> org.hibernate.type.OffsetTimeType@7f0766ef
2022-10-07 16:23:47.324 DEBUG 916 --- [    Test worker] org.hibernate.type.BasicTypeRegistry     : Adding type registration java.time.OffsetTime -> org.hibernate.type.OffsetTimeType@7f0766ef
2022-10-07 16:23:47.325 DEBUG 916 --- [    Test worker] org.hibernate.type.BasicTypeRegistry     : Adding type registration ZonedDateTime -> org.hibernate.type.ZonedDateTimeType@458031da
2022-10-07 16:23:47.325 DEBUG 916 --- [    Test worker] org.hibernate.type.BasicTypeRegistry     : Adding type registration java.time.ZonedDateTime -> org.hibernate.type.ZonedDateTimeType@458031da
2022-10-07 16:23:47.327 DEBUG 916 --- [    Test worker] org.hibernate.type.BasicTypeRegistry     : Adding type registration date -> org.hibernate.type.DateType@72c4a3aa
2022-10-07 16:23:47.327 DEBUG 916 --- [    Test worker] org.hibernate.type.BasicTypeRegistry     : Adding type registration java.sql.Date -> org.hibernate.type.DateType@72c4a3aa
2022-10-07 16:23:47.328 DEBUG 916 --- [    Test worker] org.hibernate.type.BasicTypeRegistry     : Adding type registration time -> org.hibernate.type.TimeType@2f09e6b2
2022-10-07 16:23:47.328 DEBUG 916 --- [    Test worker] org.hibernate.type.BasicTypeRegistry     : Adding type registration java.sql.Time -> org.hibernate.type.TimeType@2f09e6b2
2022-10-07 16:23:47.329 DEBUG 916 --- [    Test worker] org.hibernate.type.BasicTypeRegistry     : Adding type registration timestamp -> org.hibernate.type.TimestampType@5403907
2022-10-07 16:23:47.329 DEBUG 916 --- [    Test worker] org.hibernate.type.BasicTypeRegistry     : Adding type registration java.sql.Timestamp -> org.hibernate.type.TimestampType@5403907
2022-10-07 16:23:47.329 DEBUG 916 --- [    Test worker] org.hibernate.type.BasicTypeRegistry     : Adding type registration java.util.Date -> org.hibernate.type.TimestampType@5403907
2022-10-07 16:23:47.331 DEBUG 916 --- [    Test worker] org.hibernate.type.BasicTypeRegistry     : Adding type registration dbtimestamp -> org.hibernate.type.DbTimestampType@656c5c3
2022-10-07 16:23:47.332 DEBUG 916 --- [    Test worker] org.hibernate.type.BasicTypeRegistry     : Adding type registration calendar -> org.hibernate.type.CalendarType@2c7c0e36
2022-10-07 16:23:47.332 DEBUG 916 --- [    Test worker] org.hibernate.type.BasicTypeRegistry     : Adding type registration java.util.Calendar -> org.hibernate.type.CalendarType@2c7c0e36
2022-10-07 16:23:47.333 DEBUG 916 --- [    Test worker] org.hibernate.type.BasicTypeRegistry     : Adding type registration java.util.GregorianCalendar -> org.hibernate.type.CalendarType@2c7c0e36
2022-10-07 16:23:47.333 DEBUG 916 --- [    Test worker] org.hibernate.type.BasicTypeRegistry     : Adding type registration calendar_date -> org.hibernate.type.CalendarDateType@7d50f2a8
2022-10-07 16:23:47.336 DEBUG 916 --- [    Test worker] org.hibernate.type.BasicTypeRegistry     : Adding type registration calendar_time -> org.hibernate.type.CalendarTimeType@154b8cb6
2022-10-07 16:23:47.338 DEBUG 916 --- [    Test worker] org.hibernate.type.BasicTypeRegistry     : Adding type registration locale -> org.hibernate.type.LocaleType@39449465
2022-10-07 16:23:47.338 DEBUG 916 --- [    Test worker] org.hibernate.type.BasicTypeRegistry     : Adding type registration java.util.Locale -> org.hibernate.type.LocaleType@39449465
2022-10-07 16:23:47.339 DEBUG 916 --- [    Test worker] org.hibernate.type.BasicTypeRegistry     : Adding type registration currency -> org.hibernate.type.CurrencyType@743d0d44
2022-10-07 16:23:47.339 DEBUG 916 --- [    Test worker] org.hibernate.type.BasicTypeRegistry     : Adding type registration java.util.Currency -> org.hibernate.type.CurrencyType@743d0d44
2022-10-07 16:23:47.340 DEBUG 916 --- [    Test worker] org.hibernate.type.BasicTypeRegistry     : Adding type registration timezone -> org.hibernate.type.TimeZoneType@ad3f70a
2022-10-07 16:23:47.340 DEBUG 916 --- [    Test worker] org.hibernate.type.BasicTypeRegistry     : Adding type registration java.util.TimeZone -> org.hibernate.type.TimeZoneType@ad3f70a
2022-10-07 16:23:47.341 DEBUG 916 --- [    Test worker] org.hibernate.type.BasicTypeRegistry     : Adding type registration class -> org.hibernate.type.ClassType@5520f675
2022-10-07 16:23:47.341 DEBUG 916 --- [    Test worker] org.hibernate.type.BasicTypeRegistry     : Adding type registration java.lang.Class -> org.hibernate.type.ClassType@5520f675
2022-10-07 16:23:47.342 DEBUG 916 --- [    Test worker] org.hibernate.type.BasicTypeRegistry     : Adding type registration uuid-binary -> org.hibernate.type.UUIDBinaryType@6ce26986
2022-10-07 16:23:47.342 DEBUG 916 --- [    Test worker] org.hibernate.type.BasicTypeRegistry     : Adding type registration java.util.UUID -> org.hibernate.type.UUIDBinaryType@6ce26986
2022-10-07 16:23:47.343 DEBUG 916 --- [    Test worker] org.hibernate.type.BasicTypeRegistry     : Adding type registration uuid-char -> org.hibernate.type.UUIDCharType@9785903
2022-10-07 16:23:47.344 DEBUG 916 --- [    Test worker] org.hibernate.type.BasicTypeRegistry     : Adding type registration binary -> org.hibernate.type.BinaryType@11e71181
2022-10-07 16:23:47.344 DEBUG 916 --- [    Test worker] org.hibernate.type.BasicTypeRegistry     : Adding type registration byte[] -> org.hibernate.type.BinaryType@11e71181
2022-10-07 16:23:47.344 DEBUG 916 --- [    Test worker] org.hibernate.type.BasicTypeRegistry     : Adding type registration [B -> org.hibernate.type.BinaryType@11e71181
2022-10-07 16:23:47.345 DEBUG 916 --- [    Test worker] org.hibernate.type.BasicTypeRegistry     : Adding type registration wrapper-binary -> org.hibernate.type.WrapperBinaryType@2a99ca99
2022-10-07 16:23:47.345 DEBUG 916 --- [    Test worker] org.hibernate.type.BasicTypeRegistry     : Adding type registration Byte[] -> org.hibernate.type.WrapperBinaryType@2a99ca99
2022-10-07 16:23:47.345 DEBUG 916 --- [    Test worker] org.hibernate.type.BasicTypeRegistry     : Adding type registration [Ljava.lang.Byte; -> org.hibernate.type.WrapperBinaryType@2a99ca99
2022-10-07 16:23:47.346 DEBUG 916 --- [    Test worker] org.hibernate.type.BasicTypeRegistry     : Adding type registration row_version -> org.hibernate.type.RowVersionType@73e1ecd0
2022-10-07 16:23:47.346 DEBUG 916 --- [    Test worker] org.hibernate.type.BasicTypeRegistry     : Adding type registration image -> org.hibernate.type.ImageType@7ea71fc2
2022-10-07 16:23:47.347 DEBUG 916 --- [    Test worker] org.hibernate.type.BasicTypeRegistry     : Adding type registration characters -> org.hibernate.type.CharArrayType@9690008
2022-10-07 16:23:47.347 DEBUG 916 --- [    Test worker] org.hibernate.type.BasicTypeRegistry     : Adding type registration char[] -> org.hibernate.type.CharArrayType@9690008
2022-10-07 16:23:47.347 DEBUG 916 --- [    Test worker] org.hibernate.type.BasicTypeRegistry     : Adding type registration [C -> org.hibernate.type.CharArrayType@9690008
2022-10-07 16:23:47.348 DEBUG 916 --- [    Test worker] org.hibernate.type.BasicTypeRegistry     : Adding type registration wrapper-characters -> org.hibernate.type.CharacterArrayType@2f8c4fae
2022-10-07 16:23:47.349 DEBUG 916 --- [    Test worker] org.hibernate.type.BasicTypeRegistry     : Adding type registration [Ljava.lang.Character; -> org.hibernate.type.CharacterArrayType@2f8c4fae
2022-10-07 16:23:47.349 DEBUG 916 --- [    Test worker] org.hibernate.type.BasicTypeRegistry     : Adding type registration Character[] -> org.hibernate.type.CharacterArrayType@2f8c4fae
2022-10-07 16:23:47.349 DEBUG 916 --- [    Test worker] org.hibernate.type.BasicTypeRegistry     : Adding type registration text -> org.hibernate.type.TextType@20bb85b4
2022-10-07 16:23:47.350 DEBUG 916 --- [    Test worker] org.hibernate.type.BasicTypeRegistry     : Adding type registration ntext -> org.hibernate.type.NTextType@10ed037a
2022-10-07 16:23:47.351 DEBUG 916 --- [    Test worker] org.hibernate.type.BasicTypeRegistry     : Adding type registration blob -> org.hibernate.type.BlobType@3cc9632d
2022-10-07 16:23:47.351 DEBUG 916 --- [    Test worker] org.hibernate.type.BasicTypeRegistry     : Adding type registration java.sql.Blob -> org.hibernate.type.BlobType@3cc9632d
2022-10-07 16:23:47.352 DEBUG 916 --- [    Test worker] org.hibernate.type.BasicTypeRegistry     : Adding type registration materialized_blob -> org.hibernate.type.MaterializedBlobType@7ac5b4c
2022-10-07 16:23:47.353 DEBUG 916 --- [    Test worker] org.hibernate.type.BasicTypeRegistry     : Adding type registration clob -> org.hibernate.type.ClobType@615439f7
2022-10-07 16:23:47.353 DEBUG 916 --- [    Test worker] org.hibernate.type.BasicTypeRegistry     : Adding type registration java.sql.Clob -> org.hibernate.type.ClobType@615439f7
2022-10-07 16:23:47.354 DEBUG 916 --- [    Test worker] org.hibernate.type.BasicTypeRegistry     : Adding type registration nclob -> org.hibernate.type.NClobType@53a301f3
2022-10-07 16:23:47.354 DEBUG 916 --- [    Test worker] org.hibernate.type.BasicTypeRegistry     : Adding type registration java.sql.NClob -> org.hibernate.type.NClobType@53a301f3
2022-10-07 16:23:47.355 DEBUG 916 --- [    Test worker] org.hibernate.type.BasicTypeRegistry     : Adding type registration materialized_clob -> org.hibernate.type.MaterializedClobType@6b2aafbc
2022-10-07 16:23:47.355 DEBUG 916 --- [    Test worker] org.hibernate.type.BasicTypeRegistry     : Adding type registration materialized_nclob -> org.hibernate.type.MaterializedNClobType@3b57dba4
2022-10-07 16:23:47.356 DEBUG 916 --- [    Test worker] org.hibernate.type.BasicTypeRegistry     : Adding type registration serializable -> org.hibernate.type.SerializableType@7ac058a0
2022-10-07 16:23:47.359 DEBUG 916 --- [    Test worker] org.hibernate.type.BasicTypeRegistry     : Adding type registration object -> org.hibernate.type.ObjectType@70fede7d
2022-10-07 16:23:47.360 DEBUG 916 --- [    Test worker] org.hibernate.type.BasicTypeRegistry     : Adding type registration java.lang.Object -> org.hibernate.type.ObjectType@70fede7d
2022-10-07 16:23:47.360 DEBUG 916 --- [    Test worker] org.hibernate.type.BasicTypeRegistry     : Adding type registration imm_date -> org.hibernate.type.AdaptedImmutableType@5ba1b62e
2022-10-07 16:23:47.360 DEBUG 916 --- [    Test worker] org.hibernate.type.BasicTypeRegistry     : Adding type registration imm_time -> org.hibernate.type.AdaptedImmutableType@65bd19bf
2022-10-07 16:23:47.360 DEBUG 916 --- [    Test worker] org.hibernate.type.BasicTypeRegistry     : Adding type registration imm_timestamp -> org.hibernate.type.AdaptedImmutableType@74697863
2022-10-07 16:23:47.360 DEBUG 916 --- [    Test worker] org.hibernate.type.BasicTypeRegistry     : Adding type registration imm_dbtimestamp -> org.hibernate.type.AdaptedImmutableType@7d7ceca8
2022-10-07 16:23:47.360 DEBUG 916 --- [    Test worker] org.hibernate.type.BasicTypeRegistry     : Adding type registration imm_calendar -> org.hibernate.type.AdaptedImmutableType@2bba35ef
2022-10-07 16:23:47.360 DEBUG 916 --- [    Test worker] org.hibernate.type.BasicTypeRegistry     : Adding type registration imm_calendar_date -> org.hibernate.type.AdaptedImmutableType@26c7b1c6
2022-10-07 16:23:47.360 DEBUG 916 --- [    Test worker] org.hibernate.type.BasicTypeRegistry     : Adding type registration imm_binary -> org.hibernate.type.AdaptedImmutableType@19526f1d
2022-10-07 16:23:47.360 DEBUG 916 --- [    Test worker] org.hibernate.type.BasicTypeRegistry     : Adding type registration imm_serializable -> org.hibernate.type.AdaptedImmutableType@3d1c933
2022-10-07 16:23:47.414  INFO 916 --- [    Test worker] com.zaxxer.hikari.HikariDataSource       : HikariPool-1 - Starting...
2022-10-07 16:23:47.506  INFO 916 --- [    Test worker] com.zaxxer.hikari.HikariDataSource       : HikariPool-1 - Start completed.
2022-10-07 16:23:47.545  INFO 916 --- [    Test worker] org.hibernate.dialect.Dialect            : HHH000400: Using dialect: org.hibernate.dialect.H2Dialect
2022-10-07 16:23:47.592 DEBUG 916 --- [    Test worker] o.h.type.spi.TypeConfiguration$Scope     : Scoping TypeConfiguration [org.hibernate.type.spi.TypeConfiguration@2e2b9f53] to MetadataBuildingContext [org.hibernate.boot.internal.MetadataBuildingContextRootImpl@749baa0c]
2022-10-07 16:23:47.850 DEBUG 916 --- [    Test worker] o.h.type.spi.TypeConfiguration$Scope     : Scoping TypeConfiguration [org.hibernate.type.spi.TypeConfiguration@2e2b9f53] to SessionFactoryImpl [org.hibernate.internal.SessionFactoryImpl@87aec6a]
2022-10-07 16:23:48.157 DEBUG 916 --- [    Test worker] org.hibernate.SQL                        : 
    
    drop table if exists posts CASCADE 
2022-10-07 16:23:48.163 DEBUG 916 --- [    Test worker] org.hibernate.SQL                        : 
    
    create table posts (
       posts_id bigint generated by default as identity,
        created_date timestamp,
        modified_date timestamp,
        posts_author varchar(255),
        posts_content TEXT not null,
        posts_title varchar(500) not null,
        primary key (posts_id)
    )
2022-10-07 16:23:48.166  INFO 916 --- [    Test worker] o.h.e.t.j.p.i.JtaPlatformInitiator       : HHH000490: Using JtaPlatform implementation: [org.hibernate.engine.transaction.jta.platform.internal.NoJtaPlatform]
2022-10-07 16:23:48.174 TRACE 916 --- [    Test worker] o.h.type.spi.TypeConfiguration$Scope     : Handling #sessionFactoryCreated from [org.hibernate.internal.SessionFactoryImpl@87aec6a] for TypeConfiguration
2022-10-07 16:23:48.176  INFO 916 --- [    Test worker] j.LocalContainerEntityManagerFactoryBean : Initialized JPA EntityManagerFactory for persistence unit 'default'
2022-10-07 16:23:48.887  WARN 916 --- [    Test worker] JpaBaseConfiguration$JpaWebConfiguration : spring.jpa.open-in-view is enabled by default. Therefore, database queries may be performed during view rendering. Explicitly configure spring.jpa.open-in-view to disable this warning
2022-10-07 16:23:49.194  INFO 916 --- [    Test worker] o.s.b.a.w.s.WelcomePageHandlerMapping    : Adding welcome page template: index
2022-10-07 16:23:49.557  INFO 916 --- [    Test worker] c.e.s.repository.PostsRepositoryTest     : Started PostsRepositoryTest in 4.196 seconds (JVM running for 5.328)
2022-10-07 16:23:49.797 DEBUG 916 --- [    Test worker] org.hibernate.SQL                        : 
    select
        posts0_.posts_id as posts_id1_0_,
        posts0_.created_date as created_2_0_,
        posts0_.modified_date as modified3_0_,
        posts0_.posts_author as posts_au4_0_,
        posts0_.posts_content as posts_co5_0_,
        posts0_.posts_title as posts_ti6_0_ 
    from
        posts posts0_ 
    order by
        posts0_.posts_id desc
2022-10-07 16:23:49.856 DEBUG 916 --- [    Test worker] org.hibernate.SQL                        : 
    select
        posts0_.posts_id as posts_id1_0_,
        posts0_.created_date as created_2_0_,
        posts0_.modified_date as modified3_0_,
        posts0_.posts_author as posts_au4_0_,
        posts0_.posts_content as posts_co5_0_,
        posts0_.posts_title as posts_ti6_0_ 
    from
        posts posts0_
]]></system-out>
  <system-err><![CDATA[]]></system-err>
</testsuite>
